[2019-03-27T18:39:04.273] [ERROR] cheese - { code: -1, message: '后端通讯异常', data: [] }
[2019-03-27T18:40:56.184] [ERROR] cheese - { code: -1, message: '后端通讯异常', data: [] }
[2019-03-27T18:41:43.776] [ERROR] cheese - { code: -1, message: '后端通讯异常', data: [] }
[2019-03-27T18:41:44.761] [ERROR] cheese - { code: -1, message: '后端通讯异常', data: [] }
[2019-03-27T18:41:45.195] [ERROR] cheese - { code: -1, message: '后端通讯异常', data: [] }
[2019-03-27T18:41:45.534] [ERROR] cheese - { code: -1, message: '后端通讯异常', data: [] }
[2019-03-27T18:42:39.573] [ERROR] cheese - { code: -1, message: '后端通讯异常', data: [] }
[2019-03-28T16:45:51.468] [ERROR] cheese - { code: -1, message: '后端通讯异常', data: [] }
[2019-03-28T16:48:29.318] [ERROR] cheese - { code: -1, message: '后端通讯异常', data: [] }
[2019-03-28T16:48:30.005] [ERROR] cheese - { code: -1, message: '后端通讯异常', data: [] }
[2019-03-28T16:48:35.808] [ERROR] cheese - { code: -1, message: '后端通讯异常', data: [] }
[2019-03-28T16:48:47.418] [ERROR] cheese - { code: -1, message: '后端通讯异常', data: [] }
[2019-03-28T16:48:48.010] [ERROR] cheese - { code: -1, message: '后端通讯异常', data: [] }
[2019-03-28T16:50:44.861] [ERROR] cheese - { code: -1, message: '后端通讯异常', data: [] }
[2019-03-28T16:50:45.527] [ERROR] cheese - { code: -1, message: '后端通讯异常', data: [] }
[2019-03-28T16:51:56.343] [ERROR] cheese - { code: -1, message: '后端通讯异常', data: [] }
[2019-03-28T17:04:05.544] [ERROR] cheese - { code: -1, message: '后端通讯异常', data: [] }
[2019-03-28T17:05:40.966] [ERROR] cheese - { code: -1, message: '后端通讯异常', data: [] }
[2019-03-28T17:08:53.207] [ERROR] cheese - { code: -1, message: '后端通讯异常', data: [] }
[2019-03-28T17:09:20.169] [ERROR] cheese - { code: -1, message: '后端通讯异常', data: [] }
[2019-03-28T17:11:40.280] [ERROR] cheese - { code: -1, message: '后端通讯异常', data: [] }
[2019-03-28T17:11:41.017] [ERROR] cheese - { code: -1, message: '后端通讯异常', data: [] }
[2019-03-28T17:12:16.784] [ERROR] cheese - { code: -1, message: '后端通讯异常', data: [] }
[2019-03-28T17:36:42.078] [ERROR] cheese - { code: -1, message: '后端通讯异常', data: [] }
[2019-03-28T17:36:42.777] [ERROR] cheese - { code: -1, message: '后端通讯异常', data: [] }
[2019-03-28T17:37:06.332] [ERROR] cheese - { code: -1, message: '后端通讯异常', data: [] }
[2019-03-28T17:37:06.896] [ERROR] cheese - { code: -1, message: '后端通讯异常', data: [] }
[2019-03-28T17:39:03.124] [ERROR] cheese - { code: -1, message: '后端通讯异常', data: [] }
[2019-03-28T17:39:03.765] [ERROR] cheese - { code: -1, message: '后端通讯异常', data: [] }
[2019-03-28T17:39:04.285] [ERROR] cheese - { code: -1, message: '后端通讯异常', data: [] }
[2019-03-28T18:04:54.084] [ERROR] cheese - { code: -1, message: '后端通讯异常', data: [] }
[2019-03-28T18:06:22.186] [ERROR] cheese - { code: -1, message: '后端通讯异常', data: [] }
[2019-03-30T09:06:44.741] [ERROR] cheese - Error: Reserved keyword "for" attempted to be used as a variable on line 3 in file /Users/xiaoxingxing/Desktop/books/components/news/list.html.
    at Object.exports.throwError (/Users/xiaoxingxing/Desktop/books/node_modules/koa-swig/node_modules/swig-templates/lib/utils.js:188:9)
    at TokenParser.parseVar (/Users/xiaoxingxing/Desktop/books/node_modules/koa-swig/node_modules/swig-templates/lib/parser.js:460:13)
    at TokenParser.parseToken (/Users/xiaoxingxing/Desktop/books/node_modules/koa-swig/node_modules/swig-templates/lib/parser.js:357:14)
    at /Users/xiaoxingxing/Desktop/books/node_modules/koa-swig/node_modules/swig-templates/lib/parser.js:112:12
    at Object.exports.each (/Users/xiaoxingxing/Desktop/books/node_modules/koa-swig/node_modules/swig-templates/lib/utils.js:45:11)
    at TokenParser.parse (/Users/xiaoxingxing/Desktop/books/node_modules/koa-swig/node_modules/swig-templates/lib/parser.js:102:11)
    at parseVariable (/Users/xiaoxingxing/Desktop/books/node_modules/koa-swig/node_modules/swig-templates/lib/parser.js:610:18)
    at /Users/xiaoxingxing/Desktop/books/node_modules/koa-swig/node_modules/swig-templates/lib/parser.js:770:15
    at Object.exports.each (/Users/xiaoxingxing/Desktop/books/node_modules/koa-swig/node_modules/swig-templates/lib/utils.js:45:11)
    at Object.exports.parse (/Users/xiaoxingxing/Desktop/books/node_modules/koa-swig/node_modules/swig-templates/lib/parser.js:755:9)
[2019-03-30T09:07:18.881] [ERROR] cheese - Error: Reserved keyword "for" attempted to be used as a variable on line 3 in file /Users/xiaoxingxing/Desktop/books/components/news/list.html.
    at Object.exports.throwError (/Users/xiaoxingxing/Desktop/books/node_modules/koa-swig/node_modules/swig-templates/lib/utils.js:188:9)
    at TokenParser.parseVar (/Users/xiaoxingxing/Desktop/books/node_modules/koa-swig/node_modules/swig-templates/lib/parser.js:460:13)
    at TokenParser.parseToken (/Users/xiaoxingxing/Desktop/books/node_modules/koa-swig/node_modules/swig-templates/lib/parser.js:357:14)
    at /Users/xiaoxingxing/Desktop/books/node_modules/koa-swig/node_modules/swig-templates/lib/parser.js:112:12
    at Object.exports.each (/Users/xiaoxingxing/Desktop/books/node_modules/koa-swig/node_modules/swig-templates/lib/utils.js:45:11)
    at TokenParser.parse (/Users/xiaoxingxing/Desktop/books/node_modules/koa-swig/node_modules/swig-templates/lib/parser.js:102:11)
    at parseVariable (/Users/xiaoxingxing/Desktop/books/node_modules/koa-swig/node_modules/swig-templates/lib/parser.js:610:18)
    at /Users/xiaoxingxing/Desktop/books/node_modules/koa-swig/node_modules/swig-templates/lib/parser.js:770:15
    at Object.exports.each (/Users/xiaoxingxing/Desktop/books/node_modules/koa-swig/node_modules/swig-templates/lib/utils.js:45:11)
    at Object.exports.parse (/Users/xiaoxingxing/Desktop/books/node_modules/koa-swig/node_modules/swig-templates/lib/parser.js:755:9)
[2019-03-30T09:07:19.757] [ERROR] cheese - Error: Reserved keyword "for" attempted to be used as a variable on line 3 in file /Users/xiaoxingxing/Desktop/books/components/news/list.html.
    at Object.exports.throwError (/Users/xiaoxingxing/Desktop/books/node_modules/koa-swig/node_modules/swig-templates/lib/utils.js:188:9)
    at TokenParser.parseVar (/Users/xiaoxingxing/Desktop/books/node_modules/koa-swig/node_modules/swig-templates/lib/parser.js:460:13)
    at TokenParser.parseToken (/Users/xiaoxingxing/Desktop/books/node_modules/koa-swig/node_modules/swig-templates/lib/parser.js:357:14)
    at /Users/xiaoxingxing/Desktop/books/node_modules/koa-swig/node_modules/swig-templates/lib/parser.js:112:12
    at Object.exports.each (/Users/xiaoxingxing/Desktop/books/node_modules/koa-swig/node_modules/swig-templates/lib/utils.js:45:11)
    at TokenParser.parse (/Users/xiaoxingxing/Desktop/books/node_modules/koa-swig/node_modules/swig-templates/lib/parser.js:102:11)
    at parseVariable (/Users/xiaoxingxing/Desktop/books/node_modules/koa-swig/node_modules/swig-templates/lib/parser.js:610:18)
    at /Users/xiaoxingxing/Desktop/books/node_modules/koa-swig/node_modules/swig-templates/lib/parser.js:770:15
    at Object.exports.each (/Users/xiaoxingxing/Desktop/books/node_modules/koa-swig/node_modules/swig-templates/lib/utils.js:45:11)
    at Object.exports.parse (/Users/xiaoxingxing/Desktop/books/node_modules/koa-swig/node_modules/swig-templates/lib/parser.js:755:9)
[2019-03-30T10:15:23.455] [ERROR] cheese - { [Error: ENOENT: no such file or directory, open '/Users/xiaoxingxing/Desktop/books/config/views/index.html']
  errno: -2,
  code: 'ENOENT',
  syscall: 'open',
  path: '/Users/xiaoxingxing/Desktop/books/config/views/index.html' }
[2019-03-30T10:15:55.020] [ERROR] cheese - { [Error: ENOENT: no such file or directory, open '/Users/xiaoxingxing/Desktop/books/config/views/index.html']
  errno: -2,
  code: 'ENOENT',
  syscall: 'open',
  path: '/Users/xiaoxingxing/Desktop/books/config/views/index.html' }
[2019-03-30T10:16:44.297] [ERROR] cheese - { [Error: ENOENT: no such file or directory, open '/Users/xiaoxingxing/Desktop/books/config/views/index.html']
  errno: -2,
  code: 'ENOENT',
  syscall: 'open',
  path: '/Users/xiaoxingxing/Desktop/books/config/views/index.html' }
[2019-03-31T12:09:09.435] [ERROR] cheese - { code: -1, message: '后端通讯异常', data: [] }
[2019-03-31T12:09:56.119] [ERROR] cheese - { code: -1, message: '后端通讯异常', data: [] }
[2019-03-31T12:09:59.230] [ERROR] cheese - { code: -1, message: '后端通讯异常', data: [] }
[2019-03-31T12:09:59.422] [ERROR] cheese - { code: -1, message: '后端通讯异常', data: [] }
[2019-03-31T12:09:59.624] [ERROR] cheese - { code: -1, message: '后端通讯异常', data: [] }
[2019-04-01T15:30:48.985] [ERROR] cheese - { code: -1, message: '后端通讯异常', data: [] }
[2019-04-01T15:32:53.048] [ERROR] cheese - { code: -1, message: '后端通讯异常', data: [] }
